<?xml version="1.0" encoding="UTF-8"?>
<!-- Generated by org.testng.reporters.JUnitReportReporter -->
<testsuite skipped="0" hostname="info-HP-340S-G7-Notebook-PC" name="com.ndtv.testCases.weatherReport" tests="15" failures="0" timestamp="2021-01-01T03:36:56 IST" time="45.589" errors="0">
  <testcase name="verifyWeatherOnUI" time="15.714" classname="com.ndtv.testCases.weatherReport"/>
  <system-out/>
  <testcase name="verifyWeatherOnUI" time="13.215" classname="com.ndtv.testCases.weatherReport"/>
  <system-out/>
  <testcase name="verifyWeatherOnUI" time="15.195" classname="com.ndtv.testCases.weatherReport"/>
  <system-out/>
  <testcase name="verifyWeatherOnAPI" time="1.096" classname="com.ndtv.testCases.weatherReport"/>
  <system-out/>
  <testcase name="verifyWeatherOnAPI" time="0.185" classname="com.ndtv.testCases.weatherReport"/>
  <system-out/>
  <testcase name="verifyWeatherOnAPI" time="0.167" classname="com.ndtv.testCases.weatherReport"/>
  <system-out/>
  <testcase name="ComparingAPIAndWebInCelsius" time="0.003" classname="com.ndtv.testCases.weatherReport"/>
  <system-out/>
  <testcase name="ComparingAPIAndWebInCelsius" time="0.002" classname="com.ndtv.testCases.weatherReport"/>
  <system-out/>
  <testcase name="ComparingAPIAndWebInCelsius" time="0.001" classname="com.ndtv.testCases.weatherReport"/>
  <system-out/>
  <testcase name="ComparingAPIAndWebInFahrenheit" time="0.002" classname="com.ndtv.testCases.weatherReport"/>
  <system-out/>
  <testcase name="ComparingAPIAndWebInFahrenheit" time="0.001" classname="com.ndtv.testCases.weatherReport"/>
  <system-out/>
  <testcase name="ComparingAPIAndWebInFahrenheit" time="0.001" classname="com.ndtv.testCases.weatherReport"/>
  <system-out/>
  <testcase name="ComparingAPIAndWebInHumidity" time="0.001" classname="com.ndtv.testCases.weatherReport"/>
  <system-out/>
  <testcase name="ComparingAPIAndWebInHumidity" time="0.003" classname="com.ndtv.testCases.weatherReport"/>
  <system-out/>
  <testcase name="ComparingAPIAndWebInHumidity" time="0.003" classname="com.ndtv.testCases.weatherReport"/>
  <system-out/>
</testsuite> <!-- com.ndtv.testCases.weatherReport -->
